<?xml version="1.0" encoding="UTF-8"?>
<!-- Generated by org.testng.reporters.JUnitReportReporter -->
<testsuite hostname="TYSS-4F-42" name="com.tripadvisor.testScripts.TripAdvisorTest" tests="1" failures="0" timestamp="27 Jan 2020 06:33:18 GMT" time="29.575" errors="0">
  <testcase name="script" time="29.575" classname="com.tripadvisor.testScripts.TripAdvisorTest"/>
</testsuite> <!-- com.tripadvisor.testScripts.TripAdvisorTest -->
